2025-02-04 22:52:16,849 - INFO [trading_bot.py:1875] - Starting trading bot initialization...
2025-02-04 22:52:16,912 - INFO [trading_bot.py:1878] - Python version: 3.13.1 (tags/v3.13.1:0671451, Dec  3 2024, 19:06:28) [MSC v.1942 64 bit (AMD64)]
2025-02-04 22:52:17,150 - INFO [trading_bot.py:1881] - External IP: 94.227.120.45
2025-02-04 22:52:17,168 - INFO [trading_bot.py:1885] - Loading configuration from config/config.yaml
2025-02-04 22:52:17,198 - INFO [trading_bot.py:1483] - Initializing Trading Bot...
2025-02-04 22:52:22,195 - INFO [trading_bot.py:445] - Market Data Manager initialized successfully
2025-02-04 22:52:22,535 - INFO [trading_bot.py:1004] - Initial balance: 96.43 USDC
2025-02-04 22:52:22,589 - INFO [trading_bot.py:958] - Trade Manager initialized successfully
2025-02-04 22:52:22,593 - CRITICAL [trading_bot.py:1495] - Failed to initialize bot: 'TradingBot' object has no attribute '_init_daily_summary'
2025-02-04 22:52:22,599 - CRITICAL [trading_bot.py:1909] - Fatal error: 'TradingBot' object has no attribute '_init_daily_summary'
Traceback (most recent call last):
  File "C:/Users/Gebruiker/Desktop/trading_bot/trading_bot.py", line 1891, in <module>
    bot = TradingBot(
        exchange_id=EXCHANGE_CONFIG['exchange_id'],
    ...<2 lines>...
        test_mode=EXCHANGE_CONFIG.get('test_mode', False)
    )
  File "C:/Users/Gebruiker/Desktop/trading_bot/trading_bot.py", line 1489, in __init__
    self._init_daily_summary()
    ^^^^^^^^^^^^^^^^^^^^^^^^
AttributeError: 'TradingBot' object has no attribute '_init_daily_summary'
